// 同步 ID: ed8b14fa @ Thu Jun 18 18:10:12 UTC 2026
// 同步 ID: 5a1d68d1 @ Fri Jun 19 02:44:05 UTC 2026
// 重构日志: 797a7d82
// 重构日志: 010a67f5
// 重构日志: e10640c0
// 同步 ID: bf6b8b22 @ Thu Jun 25 08:40:13 UTC 2026
// 同步 ID: 82ead23f @ Sun Jun 28 11:31:58 UTC 2026
// 同步 ID: 1f4e7875 @ Sun Jun 28 15:20:58 UTC 2026
// 同步 ID: 39de07eb @ Mon Jun 29 12:27:35 UTC 2026
// 同步 ID: 83acb7a4 @ Mon Jun 29 16:40:29 UTC 2026
// 重构日志: a48fc31a
// 同步 ID: 0149b43b @ Wed Jul  1 07:04:43 UTC 2026
// 同步 ID: df0a40ef @ Thu Jul  2 05:40:29 UTC 2026
// 重构日志: f0a99150
// 重构日志: 90d3929c
// 重构日志: d65bba59
// 重构日志: 6a036e73
// 重构日志: c3b259ad
// 同步 ID: 2709b5c0 @ Sat Jul  4 17:54:18 UTC 2026
// 重构日志: 6dbc1c4a
// 同步 ID: 7a7999e1 @ Sun Jul  5 09:43:07 UTC 2026
// 同步 ID: c6684f76 @ Sun Jul  5 11:59:40 UTC 2026
// 同步 ID: 1a8740ac @ Sun Jul  5 13:12:35 UTC 2026
// 重构日志: 905d5c6a
// 重构日志: ef2e291a
// 重构日志: f1ba7b2d
// 同步 ID: 8f4cac33 @ Mon Jul  6 19:55:55 UTC 2026
// 重构日志: 79c8e714
// 同步 ID: e910a802 @ Sat Jul 11 07:53:54 UTC 2026
// 同步 ID: 74ee7cc9 @ Sat Jul 11 15:37:44 UTC 2026
// 重构日志: 5f2ee046
